<?xml version="1.0" encoding="UTF-8"?>
<testng-results ignored="0" total="4" passed="4" failed="0" skipped="0">
  <reporter-output>
  </reporter-output>
  <suite started-at="2023-02-15T14:57:47 IST" name="Default suite" finished-at="2023-02-15T14:58:00 IST" duration-ms="13587">
    <groups>
    </groups>
    <test started-at="2023-02-15T14:57:47 IST" name="Default test" finished-at="2023-02-15T14:58:00 IST" duration-ms="13587">
      <class name="com.Demo_Maven_Project.Runner_Class_Usha">
        <test-method signature="url_Page()[pri:0, instance:com.Demo_Maven_Project.Runner_Class_Usha@50687efb]" started-at="2023-02-15T14:57:47 IST" name="url_Page" finished-at="2023-02-15T14:57:48 IST" duration-ms="1358" status="PASS">
          <reporter-output>
          </reporter-output>
        </test-method> <!-- url_Page -->
        <test-method signature="login()[pri:1, instance:com.Demo_Maven_Project.Runner_Class_Usha@50687efb]" started-at="2023-02-15T14:57:48 IST" name="login" finished-at="2023-02-15T14:57:53 IST" duration-ms="5142" status="PASS">
          <reporter-output>
          </reporter-output>
        </test-method> <!-- login -->
        <test-method signature="create_Acc()[pri:2, instance:com.Demo_Maven_Project.Runner_Class_Usha@50687efb]" started-at="2023-02-15T14:57:53 IST" name="create_Acc" finished-at="2023-02-15T14:58:00 IST" duration-ms="6475" status="PASS">
          <reporter-output>
          </reporter-output>
        </test-method> <!-- create_Acc -->
        <test-method signature="closed()[pri:3, instance:com.Demo_Maven_Project.Runner_Class_Usha@50687efb]" started-at="2023-02-15T14:58:00 IST" name="closed" finished-at="2023-02-15T14:58:00 IST" duration-ms="538" status="PASS">
          <reporter-output>
          </reporter-output>
        </test-method> <!-- closed -->
      </class> <!-- com.Demo_Maven_Project.Runner_Class_Usha -->
    </test> <!-- Default test -->
  </suite> <!-- Default suite -->
</testng-results>
