<?xml version="1.0" encoding="UTF-8"?>
<!-- Generated by org.testng.reporters.JUnitXMLReporter -->
<testsuite ignored="0" hostname="Arunagiri" failures="0" tests="4" name="Default test" time="13.587" errors="0" timestamp="2023-02-15T14:58:00 IST">
  <testcase classname="com.Demo_Maven_Project.Runner_Class_Usha" name="url_Page" time="1.358"/>
  <testcase classname="com.Demo_Maven_Project.Runner_Class_Usha" name="login" time="5.142"/>
  <testcase classname="com.Demo_Maven_Project.Runner_Class_Usha" name="create_Acc" time="6.475"/>
  <testcase classname="com.Demo_Maven_Project.Runner_Class_Usha" name="closed" time="0.538"/>
</testsuite> <!-- Default test -->
