<?xml version="1.0" encoding="UTF-8"?>
<!-- Generated by org.testng.reporters.JUnitXMLReporter -->
<testsuite ignored="2" hostname="Arunagiri" failures="0" tests="1" name="Test" time="4.229" errors="0" timestamp="2023-01-29T11:57:13 IST">
  <testcase classname="Testng_Practice.Testng_Suites" name="urlLaunch" time="2.855"/>
  <testcase classname="Testng_Practice.Testng_Suites" name="pw" time="0.0">
    <ignored/>
  </testcase> <!-- pw -->
  <testcase classname="Testng_Practice.Testng_Suites" name="userName" time="0.0">
    <ignored/>
  </testcase> <!-- userName -->
</testsuite> <!-- Test -->
