<?xml version="1.0" encoding="UTF-8"?>
<!-- Generated by org.testng.reporters.JUnitXMLReporter -->
<testsuite ignored="0" hostname="Arunagiri" failures="0" tests="3" name="username1" time="9.378" errors="0" timestamp="2023-01-28T15:44:31 IST">
  <testcase classname="com.testng_concepts.Parameters_Test" name="url_Launch" time="0.893"/>
  <testcase classname="com.testng_concepts.Parameters_Test" name="login_Email" time="5.079"/>
  <testcase classname="com.testng_concepts.Parameters_Test" name="login_Password" time="2.171"/>
</testsuite> <!-- username1 -->
